<?xml version="1.0" encoding="UTF-8"?>
<testng-results ignored="0" total="12" passed="12" failed="0" skipped="0">
  <reporter-output>
  </reporter-output>
  <suite started-at="2021-10-08T03:26:18 IST" name="Suite" finished-at="2021-10-08T03:27:17 IST" duration-ms="58835">
    <groups>
      <group name="cucumber">
        <method signature="AbstractTestNGCucumberTests.runScenario(io.cucumber.testng.PickleWrapper,io.cucumber.testng.FeatureWrapper)[pri:0, instance:MyRunner.MyRunner@7ea37dbf]" name="runScenario" class="io.cucumber.testng.AbstractTestNGCucumberTests"/>
      </group> <!-- cucumber -->
    </groups>
    <test started-at="2021-10-08T03:26:18 IST" name="Test" finished-at="2021-10-08T03:27:17 IST" duration-ms="58835">
      <class name="MyRunner.MyRunner">
        <test-method is-config="true" signature="setUpClass()[pri:0, instance:MyRunner.MyRunner@7ea37dbf]" started-at="2021-10-08T03:26:18 IST" name="setUpClass" finished-at="2021-10-08T03:26:18 IST" duration-ms="360" status="PASS">
          <reporter-output>
          </reporter-output>
        </test-method> <!-- setUpClass -->
        <test-method signature="runScenario(io.cucumber.testng.PickleWrapper,io.cucumber.testng.FeatureWrapper)[pri:0, instance:MyRunner.MyRunner@7ea37dbf]" started-at="2021-10-08T03:26:18 IST" name="runScenario" description="Runs Cucumber Scenarios" data-provider="scenarios" finished-at="2021-10-08T03:26:23 IST" duration-ms="4781" status="PASS">
          <params>
            <param index="0">
              <value>
                <![CDATA["To validate the successfully Navigation to Demo_blaze Login page"]]>
              </value>
            </param>
            <param index="1">
              <value>
                <![CDATA["Optional[DemoBlaze Login Functionality]"]]>
              </value>
            </param>
          </params>
          <reporter-output>
          </reporter-output>
        </test-method> <!-- runScenario -->
        <test-method signature="runScenario(io.cucumber.testng.PickleWrapper,io.cucumber.testng.FeatureWrapper)[pri:0, instance:MyRunner.MyRunner@7ea37dbf]" started-at="2021-10-08T03:26:23 IST" name="runScenario" description="Runs Cucumber Scenarios" data-provider="scenarios" finished-at="2021-10-08T03:26:29 IST" duration-ms="5723" status="PASS">
          <params>
            <param index="0">
              <value>
                <![CDATA["Test Login Functionality"]]>
              </value>
            </param>
            <param index="1">
              <value>
                <![CDATA["Optional[DemoBlaze Login Functionality]"]]>
              </value>
            </param>
          </params>
          <reporter-output>
          </reporter-output>
        </test-method> <!-- runScenario -->
        <test-method signature="runScenario(io.cucumber.testng.PickleWrapper,io.cucumber.testng.FeatureWrapper)[pri:0, instance:MyRunner.MyRunner@7ea37dbf]" started-at="2021-10-08T03:26:29 IST" name="runScenario" description="Runs Cucumber Scenarios" data-provider="scenarios" finished-at="2021-10-08T03:26:35 IST" duration-ms="6454" status="PASS">
          <params>
            <param index="0">
              <value>
                <![CDATA["Test Login Functionality"]]>
              </value>
            </param>
            <param index="1">
              <value>
                <![CDATA["Optional[DemoBlaze Login Functionality]"]]>
              </value>
            </param>
          </params>
          <reporter-output>
          </reporter-output>
        </test-method> <!-- runScenario -->
        <test-method signature="runScenario(io.cucumber.testng.PickleWrapper,io.cucumber.testng.FeatureWrapper)[pri:0, instance:MyRunner.MyRunner@7ea37dbf]" started-at="2021-10-08T03:26:35 IST" name="runScenario" description="Runs Cucumber Scenarios" data-provider="scenarios" finished-at="2021-10-08T03:26:40 IST" duration-ms="4801" status="PASS">
          <params>
            <param index="0">
              <value>
                <![CDATA["Test Login Functionality with invalid data."]]>
              </value>
            </param>
            <param index="1">
              <value>
                <![CDATA["Optional[DemoBlaze Login Functionality]"]]>
              </value>
            </param>
          </params>
          <reporter-output>
          </reporter-output>
        </test-method> <!-- runScenario -->
        <test-method signature="runScenario(io.cucumber.testng.PickleWrapper,io.cucumber.testng.FeatureWrapper)[pri:0, instance:MyRunner.MyRunner@7ea37dbf]" started-at="2021-10-08T03:26:40 IST" name="runScenario" description="Runs Cucumber Scenarios" data-provider="scenarios" finished-at="2021-10-08T03:26:45 IST" duration-ms="4736" status="PASS">
          <params>
            <param index="0">
              <value>
                <![CDATA["Test Login Functionality with invalid data."]]>
              </value>
            </param>
            <param index="1">
              <value>
                <![CDATA["Optional[DemoBlaze Login Functionality]"]]>
              </value>
            </param>
          </params>
          <reporter-output>
          </reporter-output>
        </test-method> <!-- runScenario -->
        <test-method signature="runScenario(io.cucumber.testng.PickleWrapper,io.cucumber.testng.FeatureWrapper)[pri:0, instance:MyRunner.MyRunner@7ea37dbf]" started-at="2021-10-08T03:26:45 IST" name="runScenario" description="Runs Cucumber Scenarios" data-provider="scenarios" finished-at="2021-10-08T03:26:48 IST" duration-ms="3439" status="PASS">
          <params>
            <param index="0">
              <value>
                <![CDATA["To validate the sucessful Navigation to Demo_blaze Signup page"]]>
              </value>
            </param>
            <param index="1">
              <value>
                <![CDATA["Optional[DemoBlaze Registration Functionality]"]]>
              </value>
            </param>
          </params>
          <reporter-output>
          </reporter-output>
        </test-method> <!-- runScenario -->
        <test-method signature="runScenario(io.cucumber.testng.PickleWrapper,io.cucumber.testng.FeatureWrapper)[pri:0, instance:MyRunner.MyRunner@7ea37dbf]" started-at="2021-10-08T03:26:48 IST" name="runScenario" description="Runs Cucumber Scenarios" data-provider="scenarios" finished-at="2021-10-08T03:26:53 IST" duration-ms="4388" status="PASS">
          <params>
            <param index="0">
              <value>
                <![CDATA["Test Registration Functionality"]]>
              </value>
            </param>
            <param index="1">
              <value>
                <![CDATA["Optional[DemoBlaze Registration Functionality]"]]>
              </value>
            </param>
          </params>
          <reporter-output>
          </reporter-output>
        </test-method> <!-- runScenario -->
        <test-method signature="runScenario(io.cucumber.testng.PickleWrapper,io.cucumber.testng.FeatureWrapper)[pri:0, instance:MyRunner.MyRunner@7ea37dbf]" started-at="2021-10-08T03:26:53 IST" name="runScenario" description="Runs Cucumber Scenarios" data-provider="scenarios" finished-at="2021-10-08T03:26:57 IST" duration-ms="4018" status="PASS">
          <params>
            <param index="0">
              <value>
                <![CDATA["Test Registration Functionality"]]>
              </value>
            </param>
            <param index="1">
              <value>
                <![CDATA["Optional[DemoBlaze Registration Functionality]"]]>
              </value>
            </param>
          </params>
          <reporter-output>
          </reporter-output>
        </test-method> <!-- runScenario -->
        <test-method signature="runScenario(io.cucumber.testng.PickleWrapper,io.cucumber.testng.FeatureWrapper)[pri:0, instance:MyRunner.MyRunner@7ea37dbf]" started-at="2021-10-08T03:26:57 IST" name="runScenario" description="Runs Cucumber Scenarios" data-provider="scenarios" finished-at="2021-10-08T03:27:00 IST" duration-ms="3634" status="PASS">
          <params>
            <param index="0">
              <value>
                <![CDATA["To validate that user can filter products by PHONE category"]]>
              </value>
            </param>
            <param index="1">
              <value>
                <![CDATA["Optional[DemoBlaze Search Functionality]"]]>
              </value>
            </param>
          </params>
          <reporter-output>
          </reporter-output>
        </test-method> <!-- runScenario -->
        <test-method signature="runScenario(io.cucumber.testng.PickleWrapper,io.cucumber.testng.FeatureWrapper)[pri:0, instance:MyRunner.MyRunner@7ea37dbf]" started-at="2021-10-08T03:27:00 IST" name="runScenario" description="Runs Cucumber Scenarios" data-provider="scenarios" finished-at="2021-10-08T03:27:05 IST" duration-ms="4293" status="PASS">
          <params>
            <param index="0">
              <value>
                <![CDATA["To validate that user can filter products by LAPTOP category"]]>
              </value>
            </param>
            <param index="1">
              <value>
                <![CDATA["Optional[DemoBlaze Search Functionality]"]]>
              </value>
            </param>
          </params>
          <reporter-output>
          </reporter-output>
        </test-method> <!-- runScenario -->
        <test-method signature="runScenario(io.cucumber.testng.PickleWrapper,io.cucumber.testng.FeatureWrapper)[pri:0, instance:MyRunner.MyRunner@7ea37dbf]" started-at="2021-10-08T03:27:05 IST" name="runScenario" description="Runs Cucumber Scenarios" data-provider="scenarios" finished-at="2021-10-08T03:27:08 IST" duration-ms="3533" status="PASS">
          <params>
            <param index="0">
              <value>
                <![CDATA["To validate that user can filter products by MONITORS category"]]>
              </value>
            </param>
            <param index="1">
              <value>
                <![CDATA["Optional[DemoBlaze Search Functionality]"]]>
              </value>
            </param>
          </params>
          <reporter-output>
          </reporter-output>
        </test-method> <!-- runScenario -->
        <test-method signature="runScenario(io.cucumber.testng.PickleWrapper,io.cucumber.testng.FeatureWrapper)[pri:0, instance:MyRunner.MyRunner@7ea37dbf]" started-at="2021-10-08T03:27:08 IST" name="runScenario" description="Runs Cucumber Scenarios" data-provider="scenarios" finished-at="2021-10-08T03:27:17 IST" duration-ms="8622" status="PASS">
          <params>
            <param index="0">
              <value>
                <![CDATA["To validate that add to cart button is functional."]]>
              </value>
            </param>
            <param index="1">
              <value>
                <![CDATA["Optional[DemoBlaze Search Functionality]"]]>
              </value>
            </param>
          </params>
          <reporter-output>
          </reporter-output>
        </test-method> <!-- runScenario -->
        <test-method is-config="true" signature="tearDownClass()[pri:0, instance:MyRunner.MyRunner@7ea37dbf]" started-at="2021-10-08T03:27:17 IST" name="tearDownClass" finished-at="2021-10-08T03:27:17 IST" duration-ms="8" status="PASS">
          <reporter-output>
          </reporter-output>
        </test-method> <!-- tearDownClass -->
      </class> <!-- MyRunner.MyRunner -->
    </test> <!-- Test -->
  </suite> <!-- Suite -->
</testng-results>
